{"D:\\IT LEARNING\\nodejs-homework-template\\app.js": {"path":"D:\\IT LEARNING\\nodejs-homework-template\\app.js","statementMap":{"0":{"start":{"line":1,"column":16},"end":{"line":1,"column":34}},"1":{"start":{"line":2,"column":15},"end":{"line":2,"column":32}},"2":{"start":{"line":3,"column":13},"end":{"line":3,"column":28}},"3":{"start":{"line":4,"column":23},"end":{"line":4,"column":55}},"4":{"start":{"line":5,"column":20},"end":{"line":5,"column":49}},"5":{"start":{"line":6,"column":12},"end":{"line":6,"column":21}},"6":{"start":{"line":7,"column":13},"end":{"line":7,"column":28}},"7":{"start":{"line":9,"column":22},"end":{"line":9,"column":72}},"8":{"start":{"line":11,"column":0},"end":{"line":11,"column":30}},"9":{"start":{"line":12,"column":0},"end":{"line":12,"column":15}},"10":{"start":{"line":13,"column":0},"end":{"line":13,"column":23}},"11":{"start":{"line":14,"column":0},"end":{"line":14,"column":63}},"12":{"start":{"line":16,"column":0},"end":{"line":16,"column":34}},"13":{"start":{"line":17,"column":0},"end":{"line":17,"column":40}},"14":{"start":{"line":19,"column":0},"end":{"line":21,"column":2}},"15":{"start":{"line":20,"column":2},"end":{"line":20,"column":48}},"16":{"start":{"line":23,"column":0},"end":{"line":29,"column":2}},"17":{"start":{"line":24,"column":17},"end":{"line":24,"column":34}},"18":{"start":{"line":25,"column":25},"end":{"line":25,"column":58}},"19":{"start":{"line":26,"column":2},"end":{"line":28,"column":73}},"20":{"start":{"line":31,"column":0},"end":{"line":31,"column":20}}},"fnMap":{"0":{"name":"(anonymous_0)","decl":{"start":{"line":19,"column":8},"end":{"line":19,"column":9}},"loc":{"start":{"line":19,"column":22},"end":{"line":21,"column":1}},"line":19},"1":{"name":"(anonymous_1)","decl":{"start":{"line":23,"column":8},"end":{"line":23,"column":9}},"loc":{"start":{"line":23,"column":33},"end":{"line":29,"column":1}},"line":23}},"branchMap":{"0":{"loc":{"start":{"line":9,"column":22},"end":{"line":9,"column":72}},"type":"cond-expr","locations":[{"start":{"line":9,"column":57},"end":{"line":9,"column":62}},{"start":{"line":9,"column":65},"end":{"line":9,"column":72}}],"line":9},"1":{"loc":{"start":{"line":24,"column":17},"end":{"line":24,"column":34}},"type":"binary-expr","locations":[{"start":{"line":24,"column":17},"end":{"line":24,"column":27}},{"start":{"line":24,"column":31},"end":{"line":24,"column":34}}],"line":24},"2":{"loc":{"start":{"line":25,"column":25},"end":{"line":25,"column":58}},"type":"cond-expr","locations":[{"start":{"line":25,"column":42},"end":{"line":25,"column":48}},{"start":{"line":25,"column":51},"end":{"line":25,"column":58}}],"line":25}},"s":{"0":1,"1":1,"2":1,"3":1,"4":1,"5":1,"6":1,"7":1,"8":1,"9":1,"10":1,"11":1,"12":1,"13":1,"14":1,"15":0,"16":1,"17":0,"18":0,"19":0,"20":1},"f":{"0":0,"1":0},"b":{"0":[0,1],"1":[0,0],"2":[0,0]},"_coverageSchema":"1a1c01bbd47fc00a2c39e90264f33305004495a9","hash":"3b0df8604742879bd42402f7343ff64ae309816d"}
,"D:\\IT LEARNING\\nodejs-homework-template\\config\\passport.js": {"path":"D:\\IT LEARNING\\nodejs-homework-template\\config\\passport.js","statementMap":{"0":{"start":{"line":1,"column":17},"end":{"line":1,"column":36}},"1":{"start":{"line":2,"column":46},"end":{"line":2,"column":69}},"2":{"start":{"line":3,"column":25},"end":{"line":3,"column":57}},"3":{"start":{"line":4,"column":0},"end":{"line":4,"column":26}},"4":{"start":{"line":5,"column":23},"end":{"line":5,"column":34}},"5":{"start":{"line":7,"column":11},"end":{"line":7,"column":13}},"6":{"start":{"line":8,"column":0},"end":{"line":8,"column":62}},"7":{"start":{"line":9,"column":0},"end":{"line":9,"column":29}},"8":{"start":{"line":11,"column":0},"end":{"line":26,"column":1}},"9":{"start":{"line":13,"column":4},"end":{"line":24,"column":5}},"10":{"start":{"line":14,"column":19},"end":{"line":14,"column":49}},"11":{"start":{"line":15,"column":6},"end":{"line":17,"column":7}},"12":{"start":{"line":16,"column":8},"end":{"line":16,"column":48}},"13":{"start":{"line":18,"column":6},"end":{"line":20,"column":7}},"14":{"start":{"line":19,"column":8},"end":{"line":19,"column":25}},"15":{"start":{"line":21,"column":6},"end":{"line":21,"column":29}},"16":{"start":{"line":23,"column":6},"end":{"line":23,"column":22}}},"fnMap":{"0":{"name":"(anonymous_0)","decl":{"start":{"line":12,"column":24},"end":{"line":12,"column":25}},"loc":{"start":{"line":12,"column":55},"end":{"line":25,"column":3}},"line":12}},"branchMap":{"0":{"loc":{"start":{"line":15,"column":6},"end":{"line":17,"column":7}},"type":"if","locations":[{"start":{"line":15,"column":6},"end":{"line":17,"column":7}},{"start":{"line":15,"column":6},"end":{"line":17,"column":7}}],"line":15},"1":{"loc":{"start":{"line":18,"column":6},"end":{"line":20,"column":7}},"type":"if","locations":[{"start":{"line":18,"column":6},"end":{"line":20,"column":7}},{"start":{"line":18,"column":6},"end":{"line":20,"column":7}}],"line":18}},"s":{"0":2,"1":2,"2":2,"3":2,"4":2,"5":2,"6":2,"7":2,"8":2,"9":1,"10":1,"11":1,"12":0,"13":1,"14":0,"15":1,"16":0},"f":{"0":1},"b":{"0":[0,1],"1":[0,1]},"_coverageSchema":"1a1c01bbd47fc00a2c39e90264f33305004495a9","hash":"ed4088bb3b46615966e5ed5c925fdae71cbde76f"}
,"D:\\IT LEARNING\\nodejs-homework-template\\controllers\\contacts-ctrl.js": {"path":"D:\\IT LEARNING\\nodejs-homework-template\\controllers\\contacts-ctrl.js","statementMap":{"0":{"start":{"line":1,"column":22},"end":{"line":1,"column":53}},"1":{"start":{"line":9,"column":4},"end":{"line":9,"column":39}},"2":{"start":{"line":11,"column":15},"end":{"line":26,"column":1}},"3":{"start":{"line":12,"column":2},"end":{"line":25,"column":3}},"4":{"start":{"line":13,"column":19},"end":{"line":13,"column":30}},"5":{"start":{"line":14,"column":44},"end":{"line":17,"column":5}},"6":{"start":{"line":18,"column":4},"end":{"line":22,"column":6}},"7":{"start":{"line":24,"column":4},"end":{"line":24,"column":11}},"8":{"start":{"line":28,"column":16},"end":{"line":45,"column":1}},"9":{"start":{"line":29,"column":2},"end":{"line":44,"column":3}},"10":{"start":{"line":30,"column":19},"end":{"line":30,"column":30}},"11":{"start":{"line":31,"column":20},"end":{"line":31,"column":70}},"12":{"start":{"line":32,"column":4},"end":{"line":36,"column":5}},"13":{"start":{"line":33,"column":6},"end":{"line":35,"column":75}},"14":{"start":{"line":37,"column":4},"end":{"line":41,"column":6}},"15":{"start":{"line":43,"column":4},"end":{"line":43,"column":11}},"16":{"start":{"line":47,"column":19},"end":{"line":57,"column":1}},"17":{"start":{"line":48,"column":2},"end":{"line":56,"column":3}},"18":{"start":{"line":49,"column":19},"end":{"line":49,"column":30}},"19":{"start":{"line":50,"column":20},"end":{"line":50,"column":54}},"20":{"start":{"line":51,"column":4},"end":{"line":53,"column":78}},"21":{"start":{"line":55,"column":4},"end":{"line":55,"column":11}},"22":{"start":{"line":59,"column":20},"end":{"line":78,"column":1}},"23":{"start":{"line":60,"column":2},"end":{"line":77,"column":3}},"24":{"start":{"line":61,"column":19},"end":{"line":61,"column":30}},"25":{"start":{"line":62,"column":20},"end":{"line":62,"column":69}},"26":{"start":{"line":63,"column":4},"end":{"line":69,"column":5}},"27":{"start":{"line":64,"column":6},"end":{"line":68,"column":8}},"28":{"start":{"line":70,"column":4},"end":{"line":74,"column":6}},"29":{"start":{"line":76,"column":4},"end":{"line":76,"column":11}},"30":{"start":{"line":80,"column":22},"end":{"line":97,"column":1}},"31":{"start":{"line":81,"column":2},"end":{"line":96,"column":3}},"32":{"start":{"line":82,"column":19},"end":{"line":82,"column":30}},"33":{"start":{"line":83,"column":20},"end":{"line":83,"column":79}},"34":{"start":{"line":84,"column":4},"end":{"line":88,"column":5}},"35":{"start":{"line":85,"column":6},"end":{"line":87,"column":75}},"36":{"start":{"line":89,"column":4},"end":{"line":93,"column":6}},"37":{"start":{"line":95,"column":4},"end":{"line":95,"column":11}},"38":{"start":{"line":99,"column":28},"end":{"line":120,"column":1}},"39":{"start":{"line":100,"column":2},"end":{"line":119,"column":3}},"40":{"start":{"line":101,"column":19},"end":{"line":101,"column":30}},"41":{"start":{"line":102,"column":20},"end":{"line":106,"column":5}},"42":{"start":{"line":107,"column":4},"end":{"line":111,"column":5}},"43":{"start":{"line":108,"column":6},"end":{"line":110,"column":75}},"44":{"start":{"line":112,"column":4},"end":{"line":116,"column":6}},"45":{"start":{"line":118,"column":4},"end":{"line":118,"column":11}},"46":{"start":{"line":122,"column":0},"end":{"line":129,"column":1}}},"fnMap":{"0":{"name":"(anonymous_0)","decl":{"start":{"line":11,"column":15},"end":{"line":11,"column":16}},"loc":{"start":{"line":11,"column":41},"end":{"line":26,"column":1}},"line":11},"1":{"name":"(anonymous_1)","decl":{"start":{"line":28,"column":16},"end":{"line":28,"column":17}},"loc":{"start":{"line":28,"column":42},"end":{"line":45,"column":1}},"line":28},"2":{"name":"(anonymous_2)","decl":{"start":{"line":47,"column":19},"end":{"line":47,"column":20}},"loc":{"start":{"line":47,"column":45},"end":{"line":57,"column":1}},"line":47},"3":{"name":"(anonymous_3)","decl":{"start":{"line":59,"column":20},"end":{"line":59,"column":21}},"loc":{"start":{"line":59,"column":46},"end":{"line":78,"column":1}},"line":59},"4":{"name":"(anonymous_4)","decl":{"start":{"line":80,"column":22},"end":{"line":80,"column":23}},"loc":{"start":{"line":80,"column":48},"end":{"line":97,"column":1}},"line":80},"5":{"name":"(anonymous_5)","decl":{"start":{"line":99,"column":28},"end":{"line":99,"column":29}},"loc":{"start":{"line":99,"column":54},"end":{"line":120,"column":1}},"line":99}},"branchMap":{"0":{"loc":{"start":{"line":32,"column":4},"end":{"line":36,"column":5}},"type":"if","locations":[{"start":{"line":32,"column":4},"end":{"line":36,"column":5}},{"start":{"line":32,"column":4},"end":{"line":36,"column":5}}],"line":32},"1":{"loc":{"start":{"line":63,"column":4},"end":{"line":69,"column":5}},"type":"if","locations":[{"start":{"line":63,"column":4},"end":{"line":69,"column":5}},{"start":{"line":63,"column":4},"end":{"line":69,"column":5}}],"line":63},"2":{"loc":{"start":{"line":84,"column":4},"end":{"line":88,"column":5}},"type":"if","locations":[{"start":{"line":84,"column":4},"end":{"line":88,"column":5}},{"start":{"line":84,"column":4},"end":{"line":88,"column":5}}],"line":84},"3":{"loc":{"start":{"line":107,"column":4},"end":{"line":111,"column":5}},"type":"if","locations":[{"start":{"line":107,"column":4},"end":{"line":111,"column":5}},{"start":{"line":107,"column":4},"end":{"line":111,"column":5}}],"line":107}},"s":{"0":1,"1":1,"2":1,"3":0,"4":0,"5":0,"6":0,"7":0,"8":1,"9":0,"10":0,"11":0,"12":0,"13":0,"14":0,"15":0,"16":1,"17":0,"18":0,"19":0,"20":0,"21":0,"22":1,"23":0,"24":0,"25":0,"26":0,"27":0,"28":0,"29":0,"30":1,"31":0,"32":0,"33":0,"34":0,"35":0,"36":0,"37":0,"38":1,"39":0,"40":0,"41":0,"42":0,"43":0,"44":0,"45":0,"46":1},"f":{"0":0,"1":0,"2":0,"3":0,"4":0,"5":0},"b":{"0":[0,0],"1":[0,0],"2":[0,0],"3":[0,0]},"_coverageSchema":"1a1c01bbd47fc00a2c39e90264f33305004495a9","hash":"8cab1c48ed0ec410efc2d7bec2efe79c826f1eac"}
,"D:\\IT LEARNING\\nodejs-homework-template\\controllers\\users-ctrl.js": {"path":"D:\\IT LEARNING\\nodejs-homework-template\\controllers\\users-ctrl.js","statementMap":{"0":{"start":{"line":1,"column":0},"end":{"line":1,"column":26}},"1":{"start":{"line":2,"column":23},"end":{"line":2,"column":34}},"2":{"start":{"line":3,"column":22},"end":{"line":3,"column":53}},"3":{"start":{"line":11,"column":4},"end":{"line":11,"column":36}},"4":{"start":{"line":12,"column":12},"end":{"line":12,"column":35}},"5":{"start":{"line":13,"column":22},"end":{"line":13,"column":61}},"6":{"start":{"line":14,"column":24},"end":{"line":14,"column":59}},"7":{"start":{"line":17,"column":15},"end":{"line":36,"column":1}},"8":{"start":{"line":18,"column":2},"end":{"line":35,"column":3}},"9":{"start":{"line":19,"column":17},"end":{"line":19,"column":54}},"10":{"start":{"line":20,"column":4},"end":{"line":26,"column":5}},"11":{"start":{"line":21,"column":6},"end":{"line":25,"column":8}},"12":{"start":{"line":27,"column":51},"end":{"line":27,"column":77}},"13":{"start":{"line":28,"column":4},"end":{"line":32,"column":6}},"14":{"start":{"line":34,"column":4},"end":{"line":34,"column":11}},"15":{"start":{"line":38,"column":14},"end":{"line":62,"column":1}},"16":{"start":{"line":39,"column":2},"end":{"line":61,"column":3}},"17":{"start":{"line":40,"column":17},"end":{"line":40,"column":54}},"18":{"start":{"line":41,"column":26},"end":{"line":41,"column":72}},"19":{"start":{"line":42,"column":4},"end":{"line":48,"column":5}},"20":{"start":{"line":43,"column":6},"end":{"line":47,"column":8}},"21":{"start":{"line":50,"column":19},"end":{"line":50,"column":23}},"22":{"start":{"line":51,"column":20},"end":{"line":51,"column":26}},"23":{"start":{"line":52,"column":18},"end":{"line":52,"column":68}},"24":{"start":{"line":53,"column":4},"end":{"line":53,"column":32}},"25":{"start":{"line":54,"column":4},"end":{"line":58,"column":6}},"26":{"start":{"line":60,"column":4},"end":{"line":60,"column":11}},"27":{"start":{"line":63,"column":15},"end":{"line":71,"column":1}},"28":{"start":{"line":64,"column":2},"end":{"line":70,"column":3}},"29":{"start":{"line":65,"column":19},"end":{"line":65,"column":27}},"30":{"start":{"line":66,"column":4},"end":{"line":66,"column":25}},"31":{"start":{"line":67,"column":4},"end":{"line":67,"column":43}},"32":{"start":{"line":69,"column":4},"end":{"line":69,"column":11}},"33":{"start":{"line":72,"column":23},"end":{"line":93,"column":1}},"34":{"start":{"line":73,"column":2},"end":{"line":92,"column":3}},"35":{"start":{"line":74,"column":19},"end":{"line":74,"column":30}},"36":{"start":{"line":75,"column":17},"end":{"line":75,"column":43}},"37":{"start":{"line":77,"column":4},"end":{"line":83,"column":5}},"38":{"start":{"line":78,"column":6},"end":{"line":82,"column":8}},"39":{"start":{"line":84,"column":47},"end":{"line":84,"column":51}},"40":{"start":{"line":85,"column":4},"end":{"line":89,"column":6}},"41":{"start":{"line":91,"column":4},"end":{"line":91,"column":11}},"42":{"start":{"line":95,"column":27},"end":{"line":115,"column":1}},"43":{"start":{"line":96,"column":2},"end":{"line":114,"column":3}},"44":{"start":{"line":97,"column":19},"end":{"line":97,"column":30}},"45":{"start":{"line":98,"column":17},"end":{"line":98,"column":63}},"46":{"start":{"line":99,"column":40},"end":{"line":99,"column":44}},"47":{"start":{"line":100,"column":4},"end":{"line":106,"column":5}},"48":{"start":{"line":101,"column":6},"end":{"line":105,"column":8}},"49":{"start":{"line":107,"column":4},"end":{"line":111,"column":6}},"50":{"start":{"line":113,"column":4},"end":{"line":113,"column":11}},"51":{"start":{"line":117,"column":16},"end":{"line":135,"column":1}},"52":{"start":{"line":118,"column":2},"end":{"line":134,"column":3}},"53":{"start":{"line":119,"column":15},"end":{"line":119,"column":26}},"54":{"start":{"line":120,"column":22},"end":{"line":120,"column":73}},"55":{"start":{"line":121,"column":52},"end":{"line":124,"column":5}},"56":{"start":{"line":125,"column":4},"end":{"line":125,"column":45}},"57":{"start":{"line":127,"column":4},"end":{"line":131,"column":6}},"58":{"start":{"line":133,"column":4},"end":{"line":133,"column":11}},"59":{"start":{"line":136,"column":0},"end":{"line":143,"column":1}}},"fnMap":{"0":{"name":"(anonymous_0)","decl":{"start":{"line":17,"column":15},"end":{"line":17,"column":16}},"loc":{"start":{"line":17,"column":41},"end":{"line":36,"column":1}},"line":17},"1":{"name":"(anonymous_1)","decl":{"start":{"line":38,"column":14},"end":{"line":38,"column":15}},"loc":{"start":{"line":38,"column":40},"end":{"line":62,"column":1}},"line":38},"2":{"name":"(anonymous_2)","decl":{"start":{"line":63,"column":15},"end":{"line":63,"column":16}},"loc":{"start":{"line":63,"column":41},"end":{"line":71,"column":1}},"line":63},"3":{"name":"(anonymous_3)","decl":{"start":{"line":72,"column":23},"end":{"line":72,"column":24}},"loc":{"start":{"line":72,"column":49},"end":{"line":93,"column":1}},"line":72},"4":{"name":"(anonymous_4)","decl":{"start":{"line":95,"column":27},"end":{"line":95,"column":28}},"loc":{"start":{"line":95,"column":53},"end":{"line":115,"column":1}},"line":95},"5":{"name":"(anonymous_5)","decl":{"start":{"line":117,"column":16},"end":{"line":117,"column":17}},"loc":{"start":{"line":117,"column":42},"end":{"line":135,"column":1}},"line":117}},"branchMap":{"0":{"loc":{"start":{"line":20,"column":4},"end":{"line":26,"column":5}},"type":"if","locations":[{"start":{"line":20,"column":4},"end":{"line":26,"column":5}},{"start":{"line":20,"column":4},"end":{"line":26,"column":5}}],"line":20},"1":{"loc":{"start":{"line":42,"column":4},"end":{"line":48,"column":5}},"type":"if","locations":[{"start":{"line":42,"column":4},"end":{"line":48,"column":5}},{"start":{"line":42,"column":4},"end":{"line":48,"column":5}}],"line":42},"2":{"loc":{"start":{"line":42,"column":8},"end":{"line":42,"column":31}},"type":"binary-expr","locations":[{"start":{"line":42,"column":8},"end":{"line":42,"column":13}},{"start":{"line":42,"column":17},"end":{"line":42,"column":31}}],"line":42},"3":{"loc":{"start":{"line":77,"column":4},"end":{"line":83,"column":5}},"type":"if","locations":[{"start":{"line":77,"column":4},"end":{"line":83,"column":5}},{"start":{"line":77,"column":4},"end":{"line":83,"column":5}}],"line":77},"4":{"loc":{"start":{"line":100,"column":4},"end":{"line":106,"column":5}},"type":"if","locations":[{"start":{"line":100,"column":4},"end":{"line":106,"column":5}},{"start":{"line":100,"column":4},"end":{"line":106,"column":5}}],"line":100}},"s":{"0":1,"1":1,"2":1,"3":1,"4":1,"5":1,"6":1,"7":1,"8":0,"9":0,"10":0,"11":0,"12":0,"13":0,"14":0,"15":1,"16":0,"17":0,"18":0,"19":0,"20":0,"21":0,"22":0,"23":0,"24":0,"25":0,"26":0,"27":1,"28":0,"29":0,"30":0,"31":0,"32":0,"33":1,"34":0,"35":0,"36":0,"37":0,"38":0,"39":0,"40":0,"41":0,"42":1,"43":0,"44":0,"45":0,"46":0,"47":0,"48":0,"49":0,"50":0,"51":1,"52":1,"53":1,"54":1,"55":1,"56":1,"57":1,"58":0,"59":1},"f":{"0":0,"1":0,"2":0,"3":0,"4":0,"5":1},"b":{"0":[0,0],"1":[0,0],"2":[0,0],"3":[0,0],"4":[0,0]},"_coverageSchema":"1a1c01bbd47fc00a2c39e90264f33305004495a9","hash":"7cdae5eb016d307b531e51cd2c1200fc84279804"}
,"D:\\IT LEARNING\\nodejs-homework-template\\helpers\\constants.js": {"path":"D:\\IT LEARNING\\nodejs-homework-template\\helpers\\constants.js","statementMap":{"0":{"start":{"line":1,"column":18},"end":{"line":11,"column":1}},"1":{"start":{"line":13,"column":2},"end":{"line":13,"column":136}},"2":{"start":{"line":15,"column":21},"end":{"line":15,"column":56}},"3":{"start":{"line":17,"column":28},"end":{"line":17,"column":54}},"4":{"start":{"line":19,"column":19},"end":{"line":19,"column":24}},"5":{"start":{"line":21,"column":0},"end":{"line":27,"column":1}}},"fnMap":{},"branchMap":{},"s":{"0":2,"1":2,"2":2,"3":2,"4":2,"5":2},"f":{},"b":{},"_coverageSchema":"1a1c01bbd47fc00a2c39e90264f33305004495a9","hash":"7a979b7ac0af5492e5be68c75240c72b1a573401"}
,"D:\\IT LEARNING\\nodejs-homework-template\\helpers\\delete-avatar.js": {"path":"D:\\IT LEARNING\\nodejs-homework-template\\helpers\\delete-avatar.js","statementMap":{"0":{"start":{"line":1,"column":13},"end":{"line":1,"column":28}},"1":{"start":{"line":2,"column":11},"end":{"line":2,"column":33}},"2":{"start":{"line":4,"column":15},"end":{"line":11,"column":1}},"3":{"start":{"line":5,"column":2},"end":{"line":10,"column":3}},"4":{"start":{"line":6,"column":4},"end":{"line":6,"column":29}},"5":{"start":{"line":7,"column":4},"end":{"line":7,"column":15}},"6":{"start":{"line":9,"column":4},"end":{"line":9,"column":16}},"7":{"start":{"line":13,"column":24},"end":{"line":19,"column":1}},"8":{"start":{"line":14,"column":15},"end":{"line":14,"column":66}},"9":{"start":{"line":15,"column":2},"end":{"line":17,"column":3}},"10":{"start":{"line":16,"column":4},"end":{"line":16,"column":10}},"11":{"start":{"line":18,"column":2},"end":{"line":18,"column":50}},"12":{"start":{"line":21,"column":0},"end":{"line":21,"column":32}}},"fnMap":{"0":{"name":"(anonymous_0)","decl":{"start":{"line":4,"column":15},"end":{"line":4,"column":16}},"loc":{"start":{"line":4,"column":35},"end":{"line":11,"column":1}},"line":4},"1":{"name":"(anonymous_1)","decl":{"start":{"line":13,"column":24},"end":{"line":13,"column":25}},"loc":{"start":{"line":13,"column":44},"end":{"line":19,"column":1}},"line":13}},"branchMap":{"0":{"loc":{"start":{"line":15,"column":2},"end":{"line":17,"column":3}},"type":"if","locations":[{"start":{"line":15,"column":2},"end":{"line":17,"column":3}},{"start":{"line":15,"column":2},"end":{"line":17,"column":3}}],"line":15}},"s":{"0":1,"1":1,"2":1,"3":1,"4":1,"5":0,"6":1,"7":1,"8":1,"9":1,"10":1,"11":0,"12":1},"f":{"0":1,"1":1},"b":{"0":[1,0]},"_coverageSchema":"1a1c01bbd47fc00a2c39e90264f33305004495a9","hash":"91a27edfabe063305ca47bc10e4daa88ca18a37f"}
,"D:\\IT LEARNING\\nodejs-homework-template\\helpers\\guard.js": {"path":"D:\\IT LEARNING\\nodejs-homework-template\\helpers\\guard.js","statementMap":{"0":{"start":{"line":1,"column":17},"end":{"line":1,"column":36}},"1":{"start":{"line":2,"column":0},"end":{"line":2,"column":29}},"2":{"start":{"line":3,"column":22},"end":{"line":3,"column":53}},"3":{"start":{"line":5,"column":14},"end":{"line":23,"column":1}},"4":{"start":{"line":6,"column":2},"end":{"line":22,"column":20}},"5":{"start":{"line":7,"column":23},"end":{"line":7,"column":47}},"6":{"start":{"line":8,"column":16},"end":{"line":8,"column":20}},"7":{"start":{"line":9,"column":4},"end":{"line":11,"column":5}},"8":{"start":{"line":10,"column":6},"end":{"line":10,"column":38}},"9":{"start":{"line":12,"column":4},"end":{"line":18,"column":5}},"10":{"start":{"line":13,"column":6},"end":{"line":17,"column":8}},"11":{"start":{"line":20,"column":4},"end":{"line":20,"column":19}},"12":{"start":{"line":21,"column":4},"end":{"line":21,"column":17}},"13":{"start":{"line":25,"column":0},"end":{"line":25,"column":22}}},"fnMap":{"0":{"name":"(anonymous_0)","decl":{"start":{"line":5,"column":14},"end":{"line":5,"column":15}},"loc":{"start":{"line":5,"column":34},"end":{"line":23,"column":1}},"line":5},"1":{"name":"(anonymous_1)","decl":{"start":{"line":6,"column":51},"end":{"line":6,"column":52}},"loc":{"start":{"line":6,"column":66},"end":{"line":22,"column":3}},"line":6}},"branchMap":{"0":{"loc":{"start":{"line":9,"column":4},"end":{"line":11,"column":5}},"type":"if","locations":[{"start":{"line":9,"column":4},"end":{"line":11,"column":5}},{"start":{"line":9,"column":4},"end":{"line":11,"column":5}}],"line":9},"1":{"loc":{"start":{"line":12,"column":4},"end":{"line":18,"column":5}},"type":"if","locations":[{"start":{"line":12,"column":4},"end":{"line":18,"column":5}},{"start":{"line":12,"column":4},"end":{"line":18,"column":5}}],"line":12},"2":{"loc":{"start":{"line":12,"column":8},"end":{"line":12,"column":44}},"type":"binary-expr","locations":[{"start":{"line":12,"column":8},"end":{"line":12,"column":11}},{"start":{"line":12,"column":15},"end":{"line":12,"column":20}},{"start":{"line":12,"column":24},"end":{"line":12,"column":44}}],"line":12}},"s":{"0":2,"1":2,"2":2,"3":2,"4":5,"5":5,"6":5,"7":5,"8":5,"9":5,"10":3,"11":2,"12":2,"13":2},"f":{"0":5,"1":5},"b":{"0":[5,0],"1":[3,2],"2":[5,5,4]},"_coverageSchema":"1a1c01bbd47fc00a2c39e90264f33305004495a9","hash":"f2e003dfff9cc90f6c1fb62d124b0cc9c121cbba"}
,"D:\\IT LEARNING\\nodejs-homework-template\\helpers\\upload.js": {"path":"D:\\IT LEARNING\\nodejs-homework-template\\helpers\\upload.js","statementMap":{"0":{"start":{"line":1,"column":15},"end":{"line":1,"column":32}},"1":{"start":{"line":2,"column":23},"end":{"line":2,"column":45}},"2":{"start":{"line":4,"column":16},"end":{"line":12,"column":2}},"3":{"start":{"line":6,"column":4},"end":{"line":6,"column":24}},"4":{"start":{"line":9,"column":21},"end":{"line":9,"column":68}},"5":{"start":{"line":10,"column":4},"end":{"line":10,"column":22}},"6":{"start":{"line":14,"column":15},"end":{"line":26,"column":2}},"7":{"start":{"line":18,"column":4},"end":{"line":21,"column":5}},"8":{"start":{"line":19,"column":6},"end":{"line":19,"column":20}},"9":{"start":{"line":20,"column":6},"end":{"line":20,"column":12}},"10":{"start":{"line":22,"column":18},"end":{"line":22,"column":48}},"11":{"start":{"line":23,"column":4},"end":{"line":23,"column":22}},"12":{"start":{"line":24,"column":4},"end":{"line":24,"column":13}},"13":{"start":{"line":28,"column":0},"end":{"line":28,"column":23}}},"fnMap":{"0":{"name":"(anonymous_0)","decl":{"start":{"line":5,"column":15},"end":{"line":5,"column":16}},"loc":{"start":{"line":5,"column":40},"end":{"line":7,"column":3}},"line":5},"1":{"name":"(anonymous_1)","decl":{"start":{"line":8,"column":12},"end":{"line":8,"column":13}},"loc":{"start":{"line":8,"column":37},"end":{"line":11,"column":3}},"line":8},"2":{"name":"(anonymous_2)","decl":{"start":{"line":17,"column":14},"end":{"line":17,"column":15}},"loc":{"start":{"line":17,"column":33},"end":{"line":25,"column":3}},"line":17}},"branchMap":{"0":{"loc":{"start":{"line":18,"column":4},"end":{"line":21,"column":5}},"type":"if","locations":[{"start":{"line":18,"column":4},"end":{"line":21,"column":5}},{"start":{"line":18,"column":4},"end":{"line":21,"column":5}}],"line":18}},"s":{"0":1,"1":1,"2":1,"3":1,"4":1,"5":1,"6":1,"7":1,"8":1,"9":1,"10":0,"11":0,"12":0,"13":1},"f":{"0":1,"1":1,"2":1},"b":{"0":[1,0]},"_coverageSchema":"1a1c01bbd47fc00a2c39e90264f33305004495a9","hash":"85f97d5728659f8930473cc5ee404504d2b629a9"}
,"D:\\IT LEARNING\\nodejs-homework-template\\model\\contact.js": {"path":"D:\\IT LEARNING\\nodejs-homework-template\\model\\contact.js","statementMap":{"0":{"start":{"line":1,"column":39},"end":{"line":1,"column":58}},"1":{"start":{"line":2,"column":25},"end":{"line":2,"column":56}},"2":{"start":{"line":4,"column":22},"end":{"line":29,"column":1}},"3":{"start":{"line":31,"column":0},"end":{"line":31,"column":38}},"4":{"start":{"line":33,"column":16},"end":{"line":33,"column":47}},"5":{"start":{"line":34,"column":0},"end":{"line":34,"column":24}}},"fnMap":{},"branchMap":{},"s":{"0":1,"1":1,"2":1,"3":1,"4":1,"5":1},"f":{},"b":{},"_coverageSchema":"1a1c01bbd47fc00a2c39e90264f33305004495a9","hash":"9f9ff420df8c19624c90aa7b84ba8dd35fd92f7f"}
,"D:\\IT LEARNING\\nodejs-homework-template\\model\\db.js": {"path":"D:\\IT LEARNING\\nodejs-homework-template\\model\\db.js","statementMap":{"0":{"start":{"line":1,"column":17},"end":{"line":1,"column":36}},"1":{"start":{"line":2,"column":0},"end":{"line":2,"column":26}},"2":{"start":{"line":4,"column":32},"end":{"line":4,"column":43}},"3":{"start":{"line":5,"column":23},"end":{"line":5,"column":77}},"4":{"start":{"line":7,"column":11},"end":{"line":7,"column":43}},"5":{"start":{"line":9,"column":0},"end":{"line":11,"column":2}},"6":{"start":{"line":10,"column":2},"end":{"line":10,"column":47}},"7":{"start":{"line":13,"column":0},"end":{"line":15,"column":2}},"8":{"start":{"line":14,"column":2},"end":{"line":14,"column":56}},"9":{"start":{"line":17,"column":0},"end":{"line":22,"column":2}},"10":{"start":{"line":18,"column":2},"end":{"line":21,"column":4}},"11":{"start":{"line":19,"column":4},"end":{"line":19,"column":46}},"12":{"start":{"line":20,"column":4},"end":{"line":20,"column":19}},"13":{"start":{"line":24,"column":0},"end":{"line":24,"column":19}}},"fnMap":{"0":{"name":"(anonymous_0)","decl":{"start":{"line":9,"column":36},"end":{"line":9,"column":37}},"loc":{"start":{"line":9,"column":42},"end":{"line":11,"column":1}},"line":9},"1":{"name":"(anonymous_1)","decl":{"start":{"line":13,"column":32},"end":{"line":13,"column":33}},"loc":{"start":{"line":13,"column":39},"end":{"line":15,"column":1}},"line":13},"2":{"name":"(anonymous_2)","decl":{"start":{"line":17,"column":21},"end":{"line":17,"column":22}},"loc":{"start":{"line":17,"column":33},"end":{"line":22,"column":1}},"line":17},"3":{"name":"(anonymous_3)","decl":{"start":{"line":18,"column":28},"end":{"line":18,"column":29}},"loc":{"start":{"line":18,"column":34},"end":{"line":21,"column":3}},"line":18}},"branchMap":{"0":{"loc":{"start":{"line":5,"column":23},"end":{"line":5,"column":77}},"type":"cond-expr","locations":[{"start":{"line":5,"column":57},"end":{"line":5,"column":68}},{"start":{"line":5,"column":71},"end":{"line":5,"column":77}}],"line":5}},"s":{"0":1,"1":1,"2":1,"3":1,"4":1,"5":1,"6":1,"7":1,"8":0,"9":1,"10":0,"11":0,"12":0,"13":1},"f":{"0":1,"1":0,"2":0,"3":0},"b":{"0":[1,0]},"_coverageSchema":"1a1c01bbd47fc00a2c39e90264f33305004495a9","hash":"49bc38b06d80afc113ab674a2916a718ece53db8"}
,"D:\\IT LEARNING\\nodejs-homework-template\\model\\user.js": {"path":"D:\\IT LEARNING\\nodejs-homework-template\\model\\user.js","statementMap":{"0":{"start":{"line":1,"column":26},"end":{"line":1,"column":45}},"1":{"start":{"line":2,"column":17},"end":{"line":2,"column":36}},"2":{"start":{"line":3,"column":15},"end":{"line":3,"column":34}},"3":{"start":{"line":4,"column":19},"end":{"line":35,"column":1}},"4":{"start":{"line":27,"column":8},"end":{"line":27,"column":57}},"5":{"start":{"line":36,"column":0},"end":{"line":42,"column":2}},"6":{"start":{"line":37,"column":2},"end":{"line":40,"column":3}},"7":{"start":{"line":38,"column":17},"end":{"line":38,"column":41}},"8":{"start":{"line":39,"column":4},"end":{"line":39,"column":58}},"9":{"start":{"line":41,"column":2},"end":{"line":41,"column":8}},"10":{"start":{"line":44,"column":0},"end":{"line":46,"column":1}},"11":{"start":{"line":45,"column":2},"end":{"line":45,"column":54}},"12":{"start":{"line":47,"column":13},"end":{"line":47,"column":38}},"13":{"start":{"line":48,"column":0},"end":{"line":48,"column":21}}},"fnMap":{"0":{"name":"(anonymous_0)","decl":{"start":{"line":26,"column":15},"end":{"line":26,"column":16}},"loc":{"start":{"line":26,"column":27},"end":{"line":28,"column":7}},"line":26},"1":{"name":"(anonymous_1)","decl":{"start":{"line":36,"column":23},"end":{"line":36,"column":24}},"loc":{"start":{"line":36,"column":45},"end":{"line":42,"column":1}},"line":36},"2":{"name":"(anonymous_2)","decl":{"start":{"line":44,"column":37},"end":{"line":44,"column":38}},"loc":{"start":{"line":44,"column":63},"end":{"line":46,"column":1}},"line":44}},"branchMap":{"0":{"loc":{"start":{"line":37,"column":2},"end":{"line":40,"column":3}},"type":"if","locations":[{"start":{"line":37,"column":2},"end":{"line":40,"column":3}},{"start":{"line":37,"column":2},"end":{"line":40,"column":3}}],"line":37}},"s":{"0":2,"1":2,"2":2,"3":2,"4":0,"5":2,"6":1,"7":1,"8":1,"9":1,"10":2,"11":0,"12":2,"13":2},"f":{"0":0,"1":1,"2":0},"b":{"0":[1,0]},"_coverageSchema":"1a1c01bbd47fc00a2c39e90264f33305004495a9","hash":"17c81477405dfd6329c87346423ca2e77ff7a60f"}
,"D:\\IT LEARNING\\nodejs-homework-template\\repositories\\contacts.js": {"path":"D:\\IT LEARNING\\nodejs-homework-template\\repositories\\contacts.js","statementMap":{"0":{"start":{"line":1,"column":16},"end":{"line":1,"column":43}},"1":{"start":{"line":3,"column":21},"end":{"line":12,"column":1}},"2":{"start":{"line":4,"column":53},"end":{"line":4,"column":58}},"3":{"start":{"line":6,"column":24},"end":{"line":6,"column":41}},"4":{"start":{"line":7,"column":2},"end":{"line":9,"column":3}},"5":{"start":{"line":8,"column":4},"end":{"line":8,"column":33}},"6":{"start":{"line":10,"column":15},"end":{"line":10,"column":71}},"7":{"start":{"line":11,"column":2},"end":{"line":11,"column":13}},"8":{"start":{"line":14,"column":23},"end":{"line":23,"column":1}},"9":{"start":{"line":15,"column":18},"end":{"line":21,"column":4}},"10":{"start":{"line":22,"column":2},"end":{"line":22,"column":16}},"11":{"start":{"line":25,"column":22},"end":{"line":31,"column":1}},"12":{"start":{"line":26,"column":18},"end":{"line":29,"column":4}},"13":{"start":{"line":30,"column":2},"end":{"line":30,"column":16}},"14":{"start":{"line":33,"column":19},"end":{"line":36,"column":1}},"15":{"start":{"line":34,"column":21},"end":{"line":34,"column":63}},"16":{"start":{"line":35,"column":2},"end":{"line":35,"column":19}},"17":{"start":{"line":38,"column":22},"end":{"line":45,"column":1}},"18":{"start":{"line":39,"column":18},"end":{"line":43,"column":3}},"19":{"start":{"line":44,"column":2},"end":{"line":44,"column":16}},"20":{"start":{"line":47,"column":28},"end":{"line":54,"column":1}},"21":{"start":{"line":48,"column":18},"end":{"line":52,"column":3}},"22":{"start":{"line":53,"column":2},"end":{"line":53,"column":16}},"23":{"start":{"line":56,"column":0},"end":{"line":63,"column":1}}},"fnMap":{"0":{"name":"(anonymous_0)","decl":{"start":{"line":3,"column":21},"end":{"line":3,"column":22}},"loc":{"start":{"line":3,"column":46},"end":{"line":12,"column":1}},"line":3},"1":{"name":"(anonymous_1)","decl":{"start":{"line":14,"column":23},"end":{"line":14,"column":24}},"loc":{"start":{"line":14,"column":52},"end":{"line":23,"column":1}},"line":14},"2":{"name":"(anonymous_2)","decl":{"start":{"line":25,"column":22},"end":{"line":25,"column":23}},"loc":{"start":{"line":25,"column":51},"end":{"line":31,"column":1}},"line":25},"3":{"name":"(anonymous_3)","decl":{"start":{"line":33,"column":19},"end":{"line":33,"column":20}},"loc":{"start":{"line":33,"column":43},"end":{"line":36,"column":1}},"line":33},"4":{"name":"(anonymous_4)","decl":{"start":{"line":38,"column":22},"end":{"line":38,"column":23}},"loc":{"start":{"line":38,"column":57},"end":{"line":45,"column":1}},"line":38},"5":{"name":"(anonymous_5)","decl":{"start":{"line":47,"column":28},"end":{"line":47,"column":29}},"loc":{"start":{"line":47,"column":63},"end":{"line":54,"column":1}},"line":47}},"branchMap":{"0":{"loc":{"start":{"line":4,"column":10},"end":{"line":4,"column":25}},"type":"default-arg","locations":[{"start":{"line":4,"column":21},"end":{"line":4,"column":25}}],"line":4},"1":{"loc":{"start":{"line":4,"column":27},"end":{"line":4,"column":36}},"type":"default-arg","locations":[{"start":{"line":4,"column":35},"end":{"line":4,"column":36}}],"line":4},"2":{"loc":{"start":{"line":4,"column":38},"end":{"line":4,"column":48}},"type":"default-arg","locations":[{"start":{"line":4,"column":47},"end":{"line":4,"column":48}}],"line":4},"3":{"loc":{"start":{"line":7,"column":2},"end":{"line":9,"column":3}},"type":"if","locations":[{"start":{"line":7,"column":2},"end":{"line":9,"column":3}},{"start":{"line":7,"column":2},"end":{"line":9,"column":3}}],"line":7}},"s":{"0":1,"1":1,"2":0,"3":0,"4":0,"5":0,"6":0,"7":0,"8":1,"9":0,"10":0,"11":1,"12":0,"13":0,"14":1,"15":0,"16":0,"17":1,"18":0,"19":0,"20":1,"21":0,"22":0,"23":1},"f":{"0":0,"1":0,"2":0,"3":0,"4":0,"5":0},"b":{"0":[0],"1":[0],"2":[0],"3":[0,0]},"_coverageSchema":"1a1c01bbd47fc00a2c39e90264f33305004495a9","hash":"2385c9dbff5f3a8d96d62e1c78a45d4bd7a01fa5"}
,"D:\\IT LEARNING\\nodejs-homework-template\\repositories\\users.js": {"path":"D:\\IT LEARNING\\nodejs-homework-template\\repositories\\users.js","statementMap":{"0":{"start":{"line":1,"column":13},"end":{"line":1,"column":37}},"1":{"start":{"line":3,"column":21},"end":{"line":5,"column":1}},"2":{"start":{"line":4,"column":2},"end":{"line":4,"column":32}},"3":{"start":{"line":7,"column":24},"end":{"line":10,"column":1}},"4":{"start":{"line":8,"column":15},"end":{"line":8,"column":44}},"5":{"start":{"line":9,"column":2},"end":{"line":9,"column":13}},"6":{"start":{"line":12,"column":19},"end":{"line":15,"column":1}},"7":{"start":{"line":13,"column":15},"end":{"line":13,"column":29}},"8":{"start":{"line":14,"column":2},"end":{"line":14,"column":26}},"9":{"start":{"line":16,"column":20},"end":{"line":18,"column":1}},"10":{"start":{"line":17,"column":2},"end":{"line":17,"column":61}},"11":{"start":{"line":20,"column":31},"end":{"line":27,"column":1}},"12":{"start":{"line":21,"column":15},"end":{"line":25,"column":3}},"13":{"start":{"line":26,"column":2},"end":{"line":26,"column":13}},"14":{"start":{"line":29,"column":25},"end":{"line":36,"column":1}},"15":{"start":{"line":30,"column":15},"end":{"line":34,"column":3}},"16":{"start":{"line":35,"column":2},"end":{"line":35,"column":13}},"17":{"start":{"line":37,"column":0},"end":{"line":44,"column":1}}},"fnMap":{"0":{"name":"(anonymous_0)","decl":{"start":{"line":3,"column":21},"end":{"line":3,"column":22}},"loc":{"start":{"line":3,"column":35},"end":{"line":5,"column":1}},"line":3},"1":{"name":"(anonymous_1)","decl":{"start":{"line":7,"column":24},"end":{"line":7,"column":25}},"loc":{"start":{"line":7,"column":41},"end":{"line":10,"column":1}},"line":7},"2":{"name":"(anonymous_2)","decl":{"start":{"line":12,"column":19},"end":{"line":12,"column":20}},"loc":{"start":{"line":12,"column":35},"end":{"line":15,"column":1}},"line":12},"3":{"name":"(anonymous_3)","decl":{"start":{"line":16,"column":20},"end":{"line":16,"column":21}},"loc":{"start":{"line":16,"column":41},"end":{"line":18,"column":1}},"line":16},"4":{"name":"(anonymous_4)","decl":{"start":{"line":20,"column":31},"end":{"line":20,"column":32}},"loc":{"start":{"line":20,"column":51},"end":{"line":27,"column":1}},"line":20},"5":{"name":"(anonymous_5)","decl":{"start":{"line":29,"column":25},"end":{"line":29,"column":26}},"loc":{"start":{"line":29,"column":50},"end":{"line":36,"column":1}},"line":29}},"branchMap":{},"s":{"0":2,"1":2,"2":1,"3":2,"4":0,"5":0,"6":2,"7":0,"8":0,"9":2,"10":1,"11":2,"12":0,"13":0,"14":2,"15":1,"16":1,"17":2},"f":{"0":1,"1":0,"2":0,"3":1,"4":0,"5":1},"b":{},"_coverageSchema":"1a1c01bbd47fc00a2c39e90264f33305004495a9","hash":"c19ef5d668f721427ddbd71d340c6ac32de44ebd"}
,"D:\\IT LEARNING\\nodejs-homework-template\\routes\\api\\contacts.js": {"path":"D:\\IT LEARNING\\nodejs-homework-template\\routes\\api\\contacts.js","statementMap":{"0":{"start":{"line":1,"column":16},"end":{"line":1,"column":34}},"1":{"start":{"line":2,"column":15},"end":{"line":2,"column":31}},"2":{"start":{"line":3,"column":14},"end":{"line":3,"column":44}},"3":{"start":{"line":11,"column":4},"end":{"line":11,"column":46}},"4":{"start":{"line":18,"column":4},"end":{"line":18,"column":50}},"5":{"start":{"line":20,"column":0},"end":{"line":22,"column":56}},"6":{"start":{"line":24,"column":0},"end":{"line":33,"column":3}},"7":{"start":{"line":35,"column":0},"end":{"line":41,"column":1}},"8":{"start":{"line":43,"column":0},"end":{"line":43,"column":23}}},"fnMap":{},"branchMap":{},"s":{"0":1,"1":1,"2":1,"3":1,"4":1,"5":1,"6":1,"7":1,"8":1},"f":{},"b":{},"_coverageSchema":"1a1c01bbd47fc00a2c39e90264f33305004495a9","hash":"ee431554381dc1c42e9d36a30e9386249fb659db"}
,"D:\\IT LEARNING\\nodejs-homework-template\\routes\\api\\users.js": {"path":"D:\\IT LEARNING\\nodejs-homework-template\\routes\\api\\users.js","statementMap":{"0":{"start":{"line":1,"column":16},"end":{"line":1,"column":34}},"1":{"start":{"line":2,"column":15},"end":{"line":2,"column":31}},"2":{"start":{"line":10,"column":4},"end":{"line":10,"column":43}},"3":{"start":{"line":11,"column":14},"end":{"line":11,"column":44}},"4":{"start":{"line":15,"column":4},"end":{"line":15,"column":47}},"5":{"start":{"line":17,"column":15},"end":{"line":17,"column":46}},"6":{"start":{"line":19,"column":0},"end":{"line":19,"column":46}},"7":{"start":{"line":20,"column":0},"end":{"line":20,"column":44}},"8":{"start":{"line":21,"column":0},"end":{"line":21,"column":37}},"9":{"start":{"line":22,"column":0},"end":{"line":22,"column":45}},"10":{"start":{"line":23,"column":0},"end":{"line":23,"column":68}},"11":{"start":{"line":24,"column":0},"end":{"line":24,"column":65}},"12":{"start":{"line":26,"column":0},"end":{"line":26,"column":23}}},"fnMap":{},"branchMap":{},"s":{"0":1,"1":1,"2":1,"3":1,"4":1,"5":1,"6":1,"7":1,"8":1,"9":1,"10":1,"11":1,"12":1},"f":{},"b":{},"_coverageSchema":"1a1c01bbd47fc00a2c39e90264f33305004495a9","hash":"c9fc8a58d1985503eb254975315184a2f3a41a9f"}
,"D:\\IT LEARNING\\nodejs-homework-template\\validation\\validationContacts.js": {"path":"D:\\IT LEARNING\\nodejs-homework-template\\validation\\validationContacts.js","statementMap":{"0":{"start":{"line":1,"column":12},"end":{"line":1,"column":26}},"1":{"start":{"line":2,"column":17},"end":{"line":2,"column":36}},"2":{"start":{"line":3,"column":49},"end":{"line":3,"column":80}},"3":{"start":{"line":5,"column":28},"end":{"line":10,"column":2}},"4":{"start":{"line":12,"column":28},"end":{"line":17,"column":43}},"5":{"start":{"line":19,"column":34},"end":{"line":21,"column":2}},"6":{"start":{"line":23,"column":17},"end":{"line":33,"column":1}},"7":{"start":{"line":24,"column":2},"end":{"line":32,"column":3}},"8":{"start":{"line":25,"column":4},"end":{"line":25,"column":35}},"9":{"start":{"line":26,"column":4},"end":{"line":26,"column":10}},"10":{"start":{"line":28,"column":4},"end":{"line":31,"column":6}},"11":{"start":{"line":35,"column":0},"end":{"line":54,"column":1}},"12":{"start":{"line":37,"column":4},"end":{"line":37,"column":56}},"13":{"start":{"line":40,"column":4},"end":{"line":40,"column":56}},"14":{"start":{"line":43,"column":4},"end":{"line":43,"column":62}},"15":{"start":{"line":46,"column":4},"end":{"line":51,"column":5}},"16":{"start":{"line":47,"column":6},"end":{"line":50,"column":8}},"17":{"start":{"line":52,"column":4},"end":{"line":52,"column":10}}},"fnMap":{"0":{"name":"(anonymous_0)","decl":{"start":{"line":23,"column":17},"end":{"line":23,"column":18}},"loc":{"start":{"line":23,"column":46},"end":{"line":33,"column":1}},"line":23},"1":{"name":"(anonymous_1)","decl":{"start":{"line":36,"column":27},"end":{"line":36,"column":28}},"loc":{"start":{"line":36,"column":45},"end":{"line":38,"column":3}},"line":36},"2":{"name":"(anonymous_2)","decl":{"start":{"line":39,"column":27},"end":{"line":39,"column":28}},"loc":{"start":{"line":39,"column":45},"end":{"line":41,"column":3}},"line":39},"3":{"name":"(anonymous_3)","decl":{"start":{"line":42,"column":33},"end":{"line":42,"column":34}},"loc":{"start":{"line":42,"column":51},"end":{"line":44,"column":3}},"line":42},"4":{"name":"(anonymous_4)","decl":{"start":{"line":45,"column":16},"end":{"line":45,"column":17}},"loc":{"start":{"line":45,"column":34},"end":{"line":53,"column":3}},"line":45}},"branchMap":{"0":{"loc":{"start":{"line":46,"column":4},"end":{"line":51,"column":5}},"type":"if","locations":[{"start":{"line":46,"column":4},"end":{"line":51,"column":5}},{"start":{"line":46,"column":4},"end":{"line":51,"column":5}}],"line":46}},"s":{"0":1,"1":1,"2":1,"3":1,"4":1,"5":1,"6":1,"7":0,"8":0,"9":0,"10":0,"11":1,"12":0,"13":0,"14":0,"15":0,"16":0,"17":0},"f":{"0":0,"1":0,"2":0,"3":0,"4":0},"b":{"0":[0,0]},"_coverageSchema":"1a1c01bbd47fc00a2c39e90264f33305004495a9","hash":"9641913394d9731c6c13f23deb282a65f5b8352b"}
,"D:\\IT LEARNING\\nodejs-homework-template\\validation\\validationUsers.js": {"path":"D:\\IT LEARNING\\nodejs-homework-template\\validation\\validationUsers.js","statementMap":{"0":{"start":{"line":1,"column":12},"end":{"line":1,"column":26}},"1":{"start":{"line":6,"column":4},"end":{"line":6,"column":35}},"2":{"start":{"line":8,"column":19},"end":{"line":11,"column":2}},"3":{"start":{"line":13,"column":27},"end":{"line":15,"column":2}},"4":{"start":{"line":17,"column":17},"end":{"line":27,"column":1}},"5":{"start":{"line":18,"column":2},"end":{"line":26,"column":3}},"6":{"start":{"line":19,"column":4},"end":{"line":19,"column":35}},"7":{"start":{"line":20,"column":4},"end":{"line":20,"column":10}},"8":{"start":{"line":22,"column":4},"end":{"line":25,"column":6}},"9":{"start":{"line":29,"column":0},"end":{"line":36,"column":1}},"10":{"start":{"line":31,"column":4},"end":{"line":31,"column":47}},"11":{"start":{"line":34,"column":4},"end":{"line":34,"column":55}}},"fnMap":{"0":{"name":"(anonymous_0)","decl":{"start":{"line":17,"column":17},"end":{"line":17,"column":18}},"loc":{"start":{"line":17,"column":46},"end":{"line":27,"column":1}},"line":17},"1":{"name":"(anonymous_1)","decl":{"start":{"line":30,"column":18},"end":{"line":30,"column":19}},"loc":{"start":{"line":30,"column":39},"end":{"line":32,"column":3}},"line":30},"2":{"name":"(anonymous_2)","decl":{"start":{"line":33,"column":26},"end":{"line":33,"column":27}},"loc":{"start":{"line":33,"column":47},"end":{"line":35,"column":3}},"line":33}},"branchMap":{},"s":{"0":1,"1":1,"2":1,"3":1,"4":1,"5":0,"6":0,"7":0,"8":0,"9":1,"10":0,"11":0},"f":{"0":0,"1":0,"2":0},"b":{},"_coverageSchema":"1a1c01bbd47fc00a2c39e90264f33305004495a9","hash":"07b3c05fc6d8c951be85b5daf6af38908880945d"}
}
